<?xml version="1.0" encoding="UTF-8"?>
<testng-results skipped="0" failed="1" ignored="0" total="2" passed="1">
  <reporter-output>
  </reporter-output>
  <suite name="test" duration-ms="74" started-at="2018-04-11T08:45:57Z" finished-at="2018-04-11T08:45:57Z">
    <groups>
    </groups>
    <test name="C:/Users/yolo/IdeaProjects/ModelProject/testcore" duration-ms="74" started-at="2018-04-11T08:45:57Z" finished-at="2018-04-11T08:45:57Z">
      <class name="TestNGlearn2">
        <test-method status="PASS" signature="beforeSuite()[pri:0, instance:TestNGlearn2@19dfb72a]" name="beforeSuite" is-config="true" duration-ms="33" started-at="2018-04-11T16:45:57Z" finished-at="2018-04-11T16:45:57Z">
          <reporter-output>
          </reporter-output>
        </test-method> <!-- beforeSuite -->
        <test-method status="PASS" signature="beforeClass()[pri:0, instance:TestNGlearn2@19dfb72a]" name="beforeClass" is-config="true" duration-ms="0" started-at="2018-04-11T16:45:57Z" finished-at="2018-04-11T16:45:57Z">
          <reporter-output>
          </reporter-output>
        </test-method> <!-- beforeClass -->
        <test-method status="FAIL" signature="testCase1()[pri:0, instance:TestNGlearn2@19dfb72a]" name="testCase1" duration-ms="4" started-at="2018-04-11T16:45:57Z" finished-at="2018-04-11T16:45:57Z">
          <exception class="java.lang.AssertionError">
            <message>
              <![CDATA[expected [true] but found [false]]]>
            </message>
            <full-stacktrace>
              <![CDATA[java.lang.AssertionError: expected [true] but found [false]
	at org.testng.Assert.fail(Assert.java:93)
	at org.testng.Assert.failNotEquals(Assert.java:512)
	at org.testng.Assert.assertTrue(Assert.java:41)
	at org.testng.Assert.assertTrue(Assert.java:51)
	at TestNGlearn2.testCase1(TestNGlearn2.java:10)
	at sun.reflect.NativeMethodAccessorImpl.invoke0(Native Method)
	at sun.reflect.NativeMethodAccessorImpl.invoke(NativeMethodAccessorImpl.java:62)
	at sun.reflect.DelegatingMethodAccessorImpl.invoke(DelegatingMethodAccessorImpl.java:43)
	at java.lang.reflect.Method.invoke(Method.java:498)
	at org.testng.internal.MethodInvocationHelper.invokeMethod(MethodInvocationHelper.java:108)
	at org.testng.internal.Invoker.invokeMethod(Invoker.java:661)
	at org.testng.internal.Invoker.invokeTestMethod(Invoker.java:869)
	at org.testng.internal.Invoker.invokeTestMethods(Invoker.java:1193)
	at org.testng.internal.TestMethodWorker.invokeTestMethods(TestMethodWorker.java:126)
	at org.testng.internal.TestMethodWorker.run(TestMethodWorker.java:109)
	at org.testng.TestRunner.privateRun(TestRunner.java:744)
	at org.testng.TestRunner.run(TestRunner.java:602)
	at org.testng.SuiteRunner.runTest(SuiteRunner.java:380)
	at org.testng.SuiteRunner.runSequentially(SuiteRunner.java:375)
	at org.testng.SuiteRunner.privateRun(SuiteRunner.java:340)
	at org.testng.SuiteRunner.run(SuiteRunner.java:289)
	at org.testng.SuiteRunnerWorker.runSuite(SuiteRunnerWorker.java:52)
	at org.testng.SuiteRunnerWorker.run(SuiteRunnerWorker.java:86)
	at org.testng.TestNG.runSuitesSequentially(TestNG.java:1301)
	at org.testng.TestNG.runSuitesLocally(TestNG.java:1226)
	at org.testng.TestNG.runSuites(TestNG.java:1144)
	at org.testng.TestNG.run(TestNG.java:1115)
	at org.testng.IDEARemoteTestNG.run(IDEARemoteTestNG.java:72)
	at org.testng.RemoteTestNGStarter.main(RemoteTestNGStarter.java:127)
	at sun.reflect.NativeMethodAccessorImpl.invoke0(Native Method)
	at sun.reflect.NativeMethodAccessorImpl.invoke(NativeMethodAccessorImpl.java:62)
	at sun.reflect.DelegatingMethodAccessorImpl.invoke(DelegatingMethodAccessorImpl.java:43)
	at java.lang.reflect.Method.invoke(Method.java:498)
	at com.intellij.rt.execution.application.AppMain.main(AppMain.java:147)
]]>
            </full-stacktrace>
          </exception> <!-- java.lang.AssertionError -->
          <reporter-output>
          </reporter-output>
        </test-method> <!-- testCase1 -->
        <test-method status="PASS" signature="beforeMethod()[pri:0, instance:TestNGlearn2@19dfb72a]" name="beforeMethod" is-config="true" duration-ms="0" started-at="2018-04-11T16:45:57Z" finished-at="2018-04-11T16:45:57Z">
          <reporter-output>
          </reporter-output>
        </test-method> <!-- beforeMethod -->
        <test-method status="PASS" signature="afterMethod()[pri:0, instance:TestNGlearn2@19dfb72a]" name="afterMethod" is-config="true" duration-ms="0" started-at="2018-04-11T16:45:57Z" finished-at="2018-04-11T16:45:57Z">
          <reporter-output>
          </reporter-output>
        </test-method> <!-- afterMethod -->
        <test-method status="PASS" signature="testCase2()[pri:0, instance:TestNGlearn2@19dfb72a]" name="testCase2" duration-ms="9" started-at="2018-04-11T16:45:57Z" finished-at="2018-04-11T16:45:57Z">
          <reporter-output>
          </reporter-output>
        </test-method> <!-- testCase2 -->
        <test-method status="PASS" signature="beforeMethod()[pri:0, instance:TestNGlearn2@19dfb72a]" name="beforeMethod" is-config="true" duration-ms="0" started-at="2018-04-11T16:45:57Z" finished-at="2018-04-11T16:45:57Z">
          <reporter-output>
          </reporter-output>
        </test-method> <!-- beforeMethod -->
        <test-method status="PASS" signature="afterMethod()[pri:0, instance:TestNGlearn2@19dfb72a]" name="afterMethod" is-config="true" duration-ms="3" started-at="2018-04-11T16:45:57Z" finished-at="2018-04-11T16:45:57Z">
          <reporter-output>
          </reporter-output>
        </test-method> <!-- afterMethod -->
        <test-method status="PASS" signature="afterClass()[pri:0, instance:TestNGlearn2@19dfb72a]" name="afterClass" is-config="true" duration-ms="1" started-at="2018-04-11T16:45:57Z" finished-at="2018-04-11T16:45:57Z">
          <reporter-output>
          </reporter-output>
        </test-method> <!-- afterClass -->
        <test-method status="PASS" signature="afterSuite()[pri:0, instance:TestNGlearn2@19dfb72a]" name="afterSuite" is-config="true" duration-ms="1" started-at="2018-04-11T16:45:57Z" finished-at="2018-04-11T16:45:57Z">
          <reporter-output>
          </reporter-output>
        </test-method> <!-- afterSuite -->
      </class> <!-- TestNGlearn2 -->
    </test> <!-- C:/Users/yolo/IdeaProjects/ModelProject/testcore -->
  </suite> <!-- test -->
</testng-results>
